#
# There is insufficient memory for the Java Runtime Environment to continue.
# Native memory allocation (mmap) failed to map 5570560 bytes for committing reserved memory.
# Possible reasons:
#   The system is out of physical RAM or swap space
#   The process is running with CompressedOops enabled, and the Java Heap may be blocking the growth of the native heap
# Possible solutions:
#   Reduce memory load on the system
#   Increase physical memory or swap space
#   Check if swap backing store is full
#   Decrease Java heap size (-Xmx/-Xms)
#   Decrease number of Java threads
#   Decrease Java thread stack sizes (-Xss)
#   Set larger code cache with -XX:ReservedCodeCacheSize=
# This output file may be truncated or incomplete.
#
#  Out of Memory Error (os_linux.cpp:2749), pid=12121, tid=0x00007fc3e87ca700
#
# JRE version:  (8.0_261-b12) (build )
# Java VM: Java HotSpot(TM) 64-Bit Server VM (25.261-b12 mixed mode linux-amd64 compressed oops)
# Failed to write core dump. Core dumps have been disabled. To enable core dumping, try "ulimit -c unlimited" before starting Java again
#

---------------  T H R E A D  ---------------

Current thread (0x00007fc3e000a800):  JavaThread "Unknown thread" [_thread_in_vm, id=12131, stack(0x00007fc3e86ca000,0x00007fc3e87cb000)]

Stack: [0x00007fc3e86ca000,0x00007fc3e87cb000],  sp=0x00007fc3e87c9580,  free space=1021k
Native frames: (J=compiled Java code, j=interpreted, Vv=VM code, C=native code)
V  [libjvm.so+0xadd805]  VMError::report_and_die()+0x2e5
V  [libjvm.so+0x4e2a47]  report_vm_out_of_memory(char const*, int, unsigned long, VMErrorType, char const*)+0x67
V  [libjvm.so+0x9176e0]  os::pd_commit_memory(char*, unsigned long, unsigned long, bool)+0x100
V  [libjvm.so+0x90ed0f]  os::commit_memory(char*, unsigned long, unsigned long, bool)+0x1f
V  [libjvm.so+0xad9a9c]  VirtualSpace::initialize(ReservedSpace, unsigned long)+0x20c
V  [libjvm.so+0x5ef6b6]  Generation::Generation(ReservedSpace, unsigned long, int)+0x96
V  [libjvm.so+0x4ec830]  DefNewGeneration::DefNewGeneration(ReservedSpace, unsigned long, int, char const*)+0x30
V  [libjvm.so+0x5f0f8d]  GenerationSpec::init(ReservedSpace, int, GenRemSet*)+0x36d
V  [libjvm.so+0x5dbe5f]  GenCollectedHeap::initialize()+0x20f
V  [libjvm.so+0xaa136a]  Universe::initialize_heap()+0x16a
V  [libjvm.so+0xaa1653]  universe_init()+0x33
V  [libjvm.so+0x634cf0]  init_globals()+0x50
V  [libjvm.so+0xa83a5d]  Threads::create_vm(JavaVMInitArgs*, bool*)+0x47d
V  [libjvm.so+0x6dbf6f]  JNI_CreateJavaVM+0x4f
C  [libjli.so+0x7ee4]  JavaMain+0x84
C  [libpthread.so.0+0x76ba]  start_thread+0xca


---------------  P R O C E S S  ---------------

Java Threads: ( => current thread )

Other Threads:

=>0x00007fc3e000a800 (exited) JavaThread "Unknown thread" [_thread_in_vm, id=12131, stack(0x00007fc3e86ca000,0x00007fc3e87cb000)]

VM state:not at safepoint (not fully initialized)

VM Mutex/Monitor currently owned by a thread: None

heap address: 0x00000000f0800000, size: 248 MB, Compressed Oops mode: Non-zero based:0x00000000f07ff000
Narrow klass base: 0x0000000000000000, Narrow klass shift: 0

GC Heap History (0 events):
No events

Deoptimization events (0 events):
No events

Classes redefined (0 events):
No events

Internal exceptions (0 events):
No events

Events (0 events):
No events


Dynamic libraries:
f0d50000-100000000 ---p 00000000 00:00 0 
55eaa0b0e000-55eaa0b0f000 r-xp 00000000 ca:01 257534                     /usr/local/jdk1.8.0_261/jre/bin/java
55eaa0d0e000-55eaa0d0f000 r--p 00000000 ca:01 257534                     /usr/local/jdk1.8.0_261/jre/bin/java
55eaa0d0f000-55eaa0d10000 rw-p 00001000 ca:01 257534                     /usr/local/jdk1.8.0_261/jre/bin/java
55eaa2609000-55eaa262a000 rw-p 00000000 00:00 0                          [heap]
7fc3d1000000-7fc3d1270000 rwxp 00000000 00:00 0 
7fc3d1270000-7fc3e0000000 ---p 00000000 00:00 0 
7fc3e0000000-7fc3e0034000 rw-p 00000000 00:00 0 
7fc3e0034000-7fc3e4000000 ---p 00000000 00:00 0 
7fc3e51bb000-7fc3e545a000 rw-p 00000000 00:00 0 
7fc3e545a000-7fc3e5810000 ---p 00000000 00:00 0 
7fc3e5810000-7fc3e582b000 r-xp 00000000 ca:01 257447                     /usr/local/jdk1.8.0_261/jre/lib/amd64/libzip.so
7fc3e582b000-7fc3e5a2a000 ---p 0001b000 ca:01 257447                     /usr/local/jdk1.8.0_261/jre/lib/amd64/libzip.so
7fc3e5a2a000-7fc3e5a2b000 r--p 0001a000 ca:01 257447                     /usr/local/jdk1.8.0_261/jre/lib/amd64/libzip.so
7fc3e5a2b000-7fc3e5a2c000 rw-p 0001b000 ca:01 257447                     /usr/local/jdk1.8.0_261/jre/lib/amd64/libzip.so
7fc3e5a2c000-7fc3e5a37000 r-xp 00000000 ca:01 2103                       /lib/x86_64-linux-gnu/libnss_files-2.23.so
7fc3e5a37000-7fc3e5c36000 ---p 0000b000 ca:01 2103                       /lib/x86_64-linux-gnu/libnss_files-2.23.so
7fc3e5c36000-7fc3e5c37000 r--p 0000a000 ca:01 2103                       /lib/x86_64-linux-gnu/libnss_files-2.23.so
7fc3e5c37000-7fc3e5c38000 rw-p 0000b000 ca:01 2103                       /lib/x86_64-linux-gnu/libnss_files-2.23.so
7fc3e5c38000-7fc3e5c3e000 rw-p 00000000 00:00 0 
7fc3e5c3e000-7fc3e5c49000 r-xp 00000000 ca:01 2107                       /lib/x86_64-linux-gnu/libnss_nis-2.23.so
7fc3e5c49000-7fc3e5e48000 ---p 0000b000 ca:01 2107                       /lib/x86_64-linux-gnu/libnss_nis-2.23.so
7fc3e5e48000-7fc3e5e49000 r--p 0000a000 ca:01 2107                       /lib/x86_64-linux-gnu/libnss_nis-2.23.so
7fc3e5e49000-7fc3e5e4a000 rw-p 0000b000 ca:01 2107                       /lib/x86_64-linux-gnu/libnss_nis-2.23.so
7fc3e5e4a000-7fc3e5e60000 r-xp 00000000 ca:01 2093                       /lib/x86_64-linux-gnu/libnsl-2.23.so
7fc3e5e60000-7fc3e605f000 ---p 00016000 ca:01 2093                       /lib/x86_64-linux-gnu/libnsl-2.23.so
7fc3e605f000-7fc3e6060000 r--p 00015000 ca:01 2093                       /lib/x86_64-linux-gnu/libnsl-2.23.so
7fc3e6060000-7fc3e6061000 rw-p 00016000 ca:01 2093                       /lib/x86_64-linux-gnu/libnsl-2.23.so
7fc3e6061000-7fc3e6063000 rw-p 00000000 00:00 0 
7fc3e6063000-7fc3e606b000 r-xp 00000000 ca:01 2105                       /lib/x86_64-linux-gnu/libnss_compat-2.23.so
7fc3e606b000-7fc3e626a000 ---p 00008000 ca:01 2105                       /lib/x86_64-linux-gnu/libnss_compat-2.23.so
7fc3e626a000-7fc3e626b000 r--p 00007000 ca:01 2105                       /lib/x86_64-linux-gnu/libnss_compat-2.23.so
7fc3e626b000-7fc3e626c000 rw-p 00008000 ca:01 2105                       /lib/x86_64-linux-gnu/libnss_compat-2.23.so
7fc3e626c000-7fc3e6298000 r-xp 00000000 ca:01 257458                     /usr/local/jdk1.8.0_261/jre/lib/amd64/libjava.so
7fc3e6298000-7fc3e6498000 ---p 0002c000 ca:01 257458                     /usr/local/jdk1.8.0_261/jre/lib/amd64/libjava.so
7fc3e6498000-7fc3e6499000 r--p 0002c000 ca:01 257458                     /usr/local/jdk1.8.0_261/jre/lib/amd64/libjava.so
7fc3e6499000-7fc3e649b000 rw-p 0002d000 ca:01 257458                     /usr/local/jdk1.8.0_261/jre/lib/amd64/libjava.so
7fc3e649b000-7fc3e64a8000 r-xp 00000000 ca:01 257459                     /usr/local/jdk1.8.0_261/jre/lib/amd64/libverify.so
7fc3e64a8000-7fc3e66a7000 ---p 0000d000 ca:01 257459                     /usr/local/jdk1.8.0_261/jre/lib/amd64/libverify.so
7fc3e66a7000-7fc3e66a9000 r--p 0000c000 ca:01 257459                     /usr/local/jdk1.8.0_261/jre/lib/amd64/libverify.so
7fc3e66a9000-7fc3e66aa000 rw-p 0000e000 ca:01 257459                     /usr/local/jdk1.8.0_261/jre/lib/amd64/libverify.so
7fc3e66aa000-7fc3e66b1000 r-xp 00000000 ca:01 2110                       /lib/x86_64-linux-gnu/librt-2.23.so
7fc3e66b1000-7fc3e68b0000 ---p 00007000 ca:01 2110                       /lib/x86_64-linux-gnu/librt-2.23.so
7fc3e68b0000-7fc3e68b1000 r--p 00006000 ca:01 2110                       /lib/x86_64-linux-gnu/librt-2.23.so
7fc3e68b1000-7fc3e68b2000 rw-p 00007000 ca:01 2110                       /lib/x86_64-linux-gnu/librt-2.23.so
7fc3e68b2000-7fc3e69ba000 r-xp 00000000 ca:01 2094                       /lib/x86_64-linux-gnu/libm-2.23.so
7fc3e69ba000-7fc3e6bb9000 ---p 00108000 ca:01 2094                       /lib/x86_64-linux-gnu/libm-2.23.so
7fc3e6bb9000-7fc3e6bba000 r--p 00107000 ca:01 2094                       /lib/x86_64-linux-gnu/libm-2.23.so
7fc3e6bba000-7fc3e6bbb000 rw-p 00108000 ca:01 2094                       /lib/x86_64-linux-gnu/libm-2.23.so
7fc3e6bbb000-7fc3e78af000 r-xp 00000000 ca:01 257425                     /usr/local/jdk1.8.0_261/jre/lib/amd64/server/libjvm.so
7fc3e78af000-7fc3e7aae000 ---p 00cf4000 ca:01 257425                     /usr/local/jdk1.8.0_261/jre/lib/amd64/server/libjvm.so
7fc3e7aae000-7fc3e7b44000 r--p 00cf3000 ca:01 257425                     /usr/local/jdk1.8.0_261/jre/lib/amd64/server/libjvm.so
7fc3e7b44000-7fc3e7b75000 rw-p 00d89000 ca:01 257425                     /usr/local/jdk1.8.0_261/jre/lib/amd64/server/libjvm.so
7fc3e7b75000-7fc3e7bb0000 rw-p 00000000 00:00 0 
7fc3e7bb0000-7fc3e7d70000 r-xp 00000000 ca:01 2090                       /lib/x86_64-linux-gnu/libc-2.23.so
7fc3e7d70000-7fc3e7f70000 ---p 001c0000 ca:01 2090                       /lib/x86_64-linux-gnu/libc-2.23.so
7fc3e7f70000-7fc3e7f74000 r--p 001c0000 ca:01 2090                       /lib/x86_64-linux-gnu/libc-2.23.so
7fc3e7f74000-7fc3e7f76000 rw-p 001c4000 ca:01 2090                       /lib/x86_64-linux-gnu/libc-2.23.so
7fc3e7f76000-7fc3e7f7a000 rw-p 00000000 00:00 0 
7fc3e7f7a000-7fc3e7f7d000 r-xp 00000000 ca:01 2088                       /lib/x86_64-linux-gnu/libdl-2.23.so
7fc3e7f7d000-7fc3e817c000 ---p 00003000 ca:01 2088                       /lib/x86_64-linux-gnu/libdl-2.23.so
7fc3e817c000-7fc3e817d000 r--p 00002000 ca:01 2088                       /lib/x86_64-linux-gnu/libdl-2.23.so
7fc3e817d000-7fc3e817e000 rw-p 00003000 ca:01 2088                       /lib/x86_64-linux-gnu/libdl-2.23.so
7fc3e817e000-7fc3e8195000 r-xp 00000000 ca:01 257452                     /usr/local/jdk1.8.0_261/jre/lib/amd64/jli/libjli.so
7fc3e8195000-7fc3e8394000 ---p 00017000 ca:01 257452                     /usr/local/jdk1.8.0_261/jre/lib/amd64/jli/libjli.so
7fc3e8394000-7fc3e8395000 r--p 00016000 ca:01 257452                     /usr/local/jdk1.8.0_261/jre/lib/amd64/jli/libjli.so
7fc3e8395000-7fc3e8396000 rw-p 00017000 ca:01 257452                     /usr/local/jdk1.8.0_261/jre/lib/amd64/jli/libjli.so
7fc3e8396000-7fc3e83ae000 r-xp 00000000 ca:01 2091                       /lib/x86_64-linux-gnu/libpthread-2.23.so
7fc3e83ae000-7fc3e85ad000 ---p 00018000 ca:01 2091                       /lib/x86_64-linux-gnu/libpthread-2.23.so
7fc3e85ad000-7fc3e85ae000 r--p 00017000 ca:01 2091                       /lib/x86_64-linux-gnu/libpthread-2.23.so
7fc3e85ae000-7fc3e85af000 rw-p 00018000 ca:01 2091                       /lib/x86_64-linux-gnu/libpthread-2.23.so
7fc3e85af000-7fc3e85b3000 rw-p 00000000 00:00 0 
7fc3e85b3000-7fc3e85d9000 r-xp 00000000 ca:01 2101                       /lib/x86_64-linux-gnu/ld-2.23.so
7fc3e8645000-7fc3e86c1000 ---p 00000000 00:00 0 
7fc3e86c1000-7fc3e86c2000 rw-p 00000000 00:00 0 
7fc3e86c2000-7fc3e86ca000 rw-s 00000000 ca:01 536709                     /tmp/hsperfdata_jenkins/12121
7fc3e86ca000-7fc3e86cd000 ---p 00000000 00:00 0 
7fc3e86cd000-7fc3e87d0000 rw-p 00000000 00:00 0 
7fc3e87d6000-7fc3e87d7000 rw-p 00000000 00:00 0 
7fc3e87d7000-7fc3e87d8000 r--p 00000000 00:00 0 
7fc3e87d8000-7fc3e87d9000 r--p 00025000 ca:01 2101                       /lib/x86_64-linux-gnu/ld-2.23.so
7fc3e87d9000-7fc3e87da000 rw-p 00026000 ca:01 2101                       /lib/x86_64-linux-gnu/ld-2.23.so
7fc3e87da000-7fc3e87db000 rw-p 00000000 00:00 0 
7ffefa13e000-7ffefa15f000 rw-p 00000000 00:00 0                          [stack]
7ffefa1d1000-7ffefa1d3000 r--p 00000000 00:00 0                          [vvar]
7ffefa1d3000-7ffefa1d5000 r-xp 00000000 00:00 0                          [vdso]
ffffffffff600000-ffffffffff601000 r-xp 00000000 00:00 0                  [vsyscall]

VM Arguments:
java_command: /var/lib/jenkins/workspace/ghhv/single-module/target/surefire/surefirebooter2775322619007584357.jar /var/lib/jenkins/workspace/ghhv/single-module/target/surefire/surefire3094073107884237791tmp /var/lib/jenkins/workspace/ghhv/single-module/target/surefire/surefire7168792353135826830tmp
java_class_path (initial): /var/lib/jenkins/workspace/ghhv/single-module/target/surefire/surefirebooter2775322619007584357.jar
Launcher Type: SUN_STANDARD

Environment Variables:
JAVA_HOME=/usr/local/jdk1.8.0_261
PATH=/usr/local/jdk1.8.0_261/bin:/usr/local/apache-maven-3.6.3/bin:/usr/local/jdk1.8.0_261/bin:/usr/local/apache-maven-3.6.3/bin:/usr/local/sbin:/usr/local/bin:/usr/sbin:/usr/bin:/sbin:/bin:/usr/games:/usr/local/games:/snap/bin
SHELL=/bin/bash

Signal Handlers:
SIGSEGV: [libjvm.so+0xade140], sa_mask[0]=11111111011111111101111111111110, sa_flags=SA_RESTART|SA_SIGINFO
SIGBUS: [libjvm.so+0xade140], sa_mask[0]=11111111011111111101111111111110, sa_flags=SA_RESTART|SA_SIGINFO
SIGFPE: [libjvm.so+0x912c70], sa_mask[0]=11111111011111111101111111111110, sa_flags=SA_RESTART|SA_SIGINFO
SIGPIPE: [libjvm.so+0x912c70], sa_mask[0]=11111111011111111101111111111110, sa_flags=SA_RESTART|SA_SIGINFO
SIGXFSZ: [libjvm.so+0x912c70], sa_mask[0]=11111111011111111101111111111110, sa_flags=SA_RESTART|SA_SIGINFO
SIGILL: [libjvm.so+0x912c70], sa_mask[0]=11111111011111111101111111111110, sa_flags=SA_RESTART|SA_SIGINFO
SIGUSR1: SIG_DFL, sa_mask[0]=00000000000000000000000000000000, sa_flags=none
SIGUSR2: [libjvm.so+0x912b40], sa_mask[0]=00100000000000000000000000000000, sa_flags=SA_RESTART|SA_SIGINFO
SIGHUP: SIG_IGN, sa_mask[0]=00000000000000000000000000000000, sa_flags=none
SIGINT: SIG_IGN, sa_mask[0]=00000000000000000000000000000000, sa_flags=none
SIGTERM: SIG_DFL, sa_mask[0]=00000000000000000000000000000000, sa_flags=none
SIGQUIT: SIG_DFL, sa_mask[0]=00000000000000000000000000000000, sa_flags=none


---------------  S Y S T E M  ---------------

OS:DISTRIB_ID=Ubuntu
DISTRIB_RELEASE=16.04
DISTRIB_CODENAME=xenial
DISTRIB_DESCRIPTION="Ubuntu 16.04.6 LTS"

uname:Linux 4.4.0-1112-aws #124-Ubuntu SMP Fri Jul 24 11:10:25 UTC 2020 x86_64
libc:glibc 2.23 NPTL 2.23 
rlimit: STACK 8192k, CORE 0k, NPROC 3900, NOFILE 1048576, AS infinity
load average:13.41 4.50 1.61

/proc/meminfo:
MemTotal:        1014404 kB
MemFree:           60028 kB
MemAvailable:          0 kB
Buffers:             112 kB
Cached:            11096 kB
SwapCached:            0 kB
Active:           871320 kB
Inactive:           6904 kB
Active(anon):     870224 kB
Inactive(anon):     2976 kB
Active(file):       1096 kB
Inactive(file):     3928 kB
Unevictable:        3652 kB
Mlocked:            3652 kB
SwapTotal:             0 kB
SwapFree:              0 kB
Dirty:                24 kB
Writeback:             0 kB
AnonPages:        870744 kB
Mapped:             6084 kB
Shmem:              3684 kB
Slab:              38228 kB
SReclaimable:      14552 kB
SUnreclaim:        23676 kB
KernelStack:        5536 kB
PageTables:         7424 kB
NFS_Unstable:          0 kB
Bounce:                0 kB
WritebackTmp:          0 kB
CommitLimit:      507200 kB
Committed_AS:    1756388 kB
VmallocTotal:   34359738367 kB
VmallocUsed:           0 kB
VmallocChunk:          0 kB
HardwareCorrupted:     0 kB
AnonHugePages:         0 kB
CmaTotal:              0 kB
CmaFree:               0 kB
HugePages_Total:       0
HugePages_Free:        0
HugePages_Rsvd:        0
HugePages_Surp:        0
Hugepagesize:       2048 kB
DirectMap4k:       49152 kB
DirectMap2M:      999424 kB

container (cgroup) information:
container_type: cgroupv1
cpu_cpuset_cpus: 0
cpu_memory_nodes: 0
active_processor_count: 1
cpu_quota: -1
cpu_period: 100000
cpu_shares: -1
memory_limit_in_bytes: -1
memory_and_swap_limit_in_bytes: -2
memory_soft_limit_in_bytes: -1
memory_usage_in_bytes: 844914688
memory_max_usage_in_bytes: 846528512


CPU:total 1 (initial active 1) (1 cores per cpu, 1 threads per core) family 6 model 63 stepping 2, cmov, cx8, fxsr, mmx, sse, sse2, sse3, ssse3, sse4.1, sse4.2, popcnt, avx, avx2, aes, clmul, erms, lzcnt, tsc, bmi1, bmi2

/proc/cpuinfo:
processor	: 0
vendor_id	: GenuineIntel
cpu family	: 6
model		: 63
model name	: Intel(R) Xeon(R) CPU E5-2676 v3 @ 2.40GHz
stepping	: 2
microcode	: 0x43
cpu MHz		: 2400.070
cache size	: 30720 KB
physical id	: 0
siblings	: 1
core id		: 0
cpu cores	: 1
apicid		: 0
initial apicid	: 0
fpu		: yes
fpu_exception	: yes
cpuid level	: 13
wp		: yes
flags		: fpu vme de pse tsc msr pae mce cx8 apic sep mtrr pge mca cmov pat pse36 clflush mmx fxsr sse sse2 ht syscall nx rdtscp lm constant_tsc rep_good nopl xtopology pni pclmulqdq ssse3 fma cx16 pcid sse4_1 sse4_2 x2apic movbe popcnt tsc_deadline_timer aes xsave avx f16c rdrand hypervisor lahf_lm abm invpcid_single kaiser fsgsbase bmi1 avx2 smep bmi2 erms invpcid xsaveopt
bugs		: cpu_meltdown spectre_v1 spectre_v2 spec_store_bypass l1tf mds swapgs itlb_multihit
bogomips	: 4800.14
clflush size	: 64
cache_alignment	: 64
address sizes	: 46 bits physical, 48 bits virtual
power management:



Memory: 4k page, physical 1014404k(61588k free), swap 0k(0k free)

vm_info: Java HotSpot(TM) 64-Bit Server VM (25.261-b12) for linux-amd64 JRE (1.8.0_261-b12), built on Jun 17 2020 23:41:40 by "java_re" with gcc 7.3.0

time: Sat Aug 22 13:22:39 2020
timezone: UTC
elapsed time: 68 seconds (0d 0h 1m 8s)

